<?xml version="1.0" encoding="UTF-8"?>
<!-- Generated by org.testng.reporters.JUnitXMLReporter -->
<testsuite ignored="0" hostname="DESKTOP-TCMQ2TK" failures="1" tests="26" name="Test" time="101.506" errors="0" timestamp="2023-10-03T08:38:24 IST">
  <testcase classname="com.obsquara.SeleniumTestNG.Base" name="@BeforeMethod instilBrowser" time="5.196">
    <failure type="org.openqa.selenium.remote.UnreachableBrowserException" message="Error communicating with the remote browser. It may have died.
Build info: version: &amp;apos;4.10.0&amp;apos;, revision: &amp;apos;c14d967899&amp;apos;
System info: os.name: &amp;apos;Windows 10&amp;apos;, os.arch: &amp;apos;amd64&amp;apos;, os.version: &amp;apos;10.0&amp;apos;, java.version: &amp;apos;17.0.8&amp;apos;
Driver info: org.openqa.selenium.chrome.ChromeDriver
Command: [a5f82b6a5e606e115a627a9578a47a65, get {url=https://selenium.obsqurazone.com/simple-form-demo.php}]
Capabilities {acceptInsecureCerts: false, browserName: chrome, browserVersion: 117.0.5938.132, chrome: {chromedriverVersion: 116.0.5845.96 (1a3918166880..., userDataDir: C:\Users\user\AppData\Local...}, fedcm:accounts: true, goog:chromeOptions: {debuggerAddress: localhost:49204}, networkConnectionEnabled: false, pageLoadStrategy: normal, platformName: windows, proxy: Proxy(), se:cdp: ws://localhost:49204/devtoo..., se:cdpVersion: 117.0.5938.132, setWindowRect: true, strictFileInteractability: false, timeouts: {implicit: 0, pageLoad: 300000, script: 30000}, unhandledPromptBehavior: dismiss and notify, webauthn:extension:credBlob: true, webauthn:extension:largeBlob: true, webauthn:extension:minPinLength: true, webauthn:extension:prf: true, webauthn:virtualAuthenticators: true}
Session ID: a5f82b6a5e606e115a627a9578a47a65">
      <![CDATA[org.openqa.selenium.remote.UnreachableBrowserException: Error communicating with the remote browser. It may have died.
Build info: version: '4.10.0', revision: 'c14d967899'
System info: os.name: 'Windows 10', os.arch: 'amd64', os.version: '10.0', java.version: '17.0.8'
Driver info: org.openqa.selenium.chrome.ChromeDriver
Command: [a5f82b6a5e606e115a627a9578a47a65, get {url=https://selenium.obsqurazone.com/simple-form-demo.php}]
Capabilities {acceptInsecureCerts: false, browserName: chrome, browserVersion: 117.0.5938.132, chrome: {chromedriverVersion: 116.0.5845.96 (1a3918166880..., userDataDir: C:\Users\user\AppData\Local...}, fedcm:accounts: true, goog:chromeOptions: {debuggerAddress: localhost:49204}, networkConnectionEnabled: false, pageLoadStrategy: normal, platformName: windows, proxy: Proxy(), se:cdp: ws://localhost:49204/devtoo..., se:cdpVersion: 117.0.5938.132, setWindowRect: true, strictFileInteractability: false, timeouts: {implicit: 0, pageLoad: 300000, script: 30000}, unhandledPromptBehavior: dismiss and notify, webauthn:extension:credBlob: true, webauthn:extension:largeBlob: true, webauthn:extension:minPinLength: true, webauthn:extension:prf: true, webauthn:virtualAuthenticators: true}
Session ID: a5f82b6a5e606e115a627a9578a47a65
at org.openqa.selenium.remote.RemoteWebDriver.execute(RemoteWebDriver.java:558)
at org.openqa.selenium.remote.RemoteWebDriver.get(RemoteWebDriver.java:295)
at com.obsquara.SeleniumTestNG.Base.instilBrowser(Base.java:23)
at java.base/java.util.ArrayList.forEach(ArrayList.java:1511)
Caused by: java.io.UncheckedIOException: java.net.SocketException: Connection reset
at org.openqa.selenium.remote.http.netty.NettyHttpHandler.makeCall(NettyHttpHandler.java:73)
at org.openqa.selenium.remote.http.AddSeleniumUserAgent.lambda$apply$0(AddSeleniumUserAgent.java:42)
at org.openqa.selenium.remote.http.Filter.lambda$andFinally$1(Filter.java:55)
at org.openqa.selenium.remote.http.netty.NettyHttpHandler.execute(NettyHttpHandler.java:48)
at org.openqa.selenium.remote.http.AddSeleniumUserAgent.lambda$apply$0(AddSeleniumUserAgent.java:42)
at org.openqa.selenium.remote.http.Filter.lambda$andFinally$1(Filter.java:55)
at org.openqa.selenium.remote.http.netty.NettyClient.execute(NettyClient.java:97)
at org.openqa.selenium.remote.HttpCommandExecutor.execute(HttpCommandExecutor.java:188)
at org.openqa.selenium.remote.service.DriverCommandExecutor.invokeExecute(DriverCommandExecutor.java:196)
at org.openqa.selenium.remote.service.DriverCommandExecutor.execute(DriverCommandExecutor.java:171)
at org.openqa.selenium.remote.RemoteWebDriver.execute(RemoteWebDriver.java:531)
... 34 more
Caused by: java.net.SocketException: Connection reset
at java.base/sun.nio.ch.SocketChannelImpl.throwConnectionReset(SocketChannelImpl.java:394)
at java.base/sun.nio.ch.SocketChannelImpl.read(SocketChannelImpl.java:426)
at io.netty.buffer.PooledByteBuf.setBytes(PooledByteBuf.java:256)
at io.netty.buffer.AbstractByteBuf.writeBytes(AbstractByteBuf.java:1132)
at io.netty.channel.socket.nio.NioSocketChannel.doReadBytes(NioSocketChannel.java:357)
at io.netty.channel.nio.AbstractNioByteChannel$NioByteUnsafe.read(AbstractNioByteChannel.java:151)
at io.netty.channel.nio.NioEventLoop.processSelectedKey(NioEventLoop.java:788)
at io.netty.channel.nio.NioEventLoop.processSelectedKeysOptimized(NioEventLoop.java:724)
at io.netty.channel.nio.NioEventLoop.processSelectedKeys(NioEventLoop.java:650)
at io.netty.channel.nio.NioEventLoop.run(NioEventLoop.java:562)
at io.netty.util.concurrent.SingleThreadEventExecutor$4.run(SingleThreadEventExecutor.java:997)
at io.netty.util.internal.ThreadExecutorMap$2.run(ThreadExecutorMap.java:74)
at io.netty.util.concurrent.FastThreadLocalRunnable.run(FastThreadLocalRunnable.java:30)
at java.base/java.lang.Thread.run(Thread.java:833)
... Removed 31 stack frames]]>
    </failure>
  </testcase> <!-- @BeforeMethod instilBrowser -->
  <testcase classname="com.obsquara.SeleniumTestNG.Base" name="@AfterMethod driverCloseOrQuit" time="0.0">
    <skipped/>
  </testcase> <!-- @AfterMethod driverCloseOrQuit -->
  <testcase classname="com.obsquara.SeleniumTestNG.Base" name="@BeforeMethod instilBrowser" time="2.344">
    <failure type="org.openqa.selenium.NoSuchWindowException" message="no such window: target window already closed
from unknown error: web view not found
  (Session info: chrome=117.0.5938.132)
Build info: version: &amp;apos;4.10.0&amp;apos;, revision: &amp;apos;c14d967899&amp;apos;
System info: os.name: &amp;apos;Windows 10&amp;apos;, os.arch: &amp;apos;amd64&amp;apos;, os.version: &amp;apos;10.0&amp;apos;, java.version: &amp;apos;17.0.8&amp;apos;
Driver info: org.openqa.selenium.chrome.ChromeDriver
Command: [9fdebe4397fb6ada84bbb784bf54b932, maximizeCurrentWindow {}]
Capabilities {acceptInsecureCerts: false, browserName: chrome, browserVersion: 117.0.5938.132, chrome: {chromedriverVersion: 116.0.5845.96 (1a3918166880..., userDataDir: C:\Users\user\AppData\Local...}, fedcm:accounts: true, goog:chromeOptions: {debuggerAddress: localhost:49321}, networkConnectionEnabled: false, pageLoadStrategy: normal, platformName: windows, proxy: Proxy(), se:cdp: ws://localhost:49321/devtoo..., se:cdpVersion: 117.0.5938.132, setWindowRect: true, strictFileInteractability: false, timeouts: {implicit: 0, pageLoad: 300000, script: 30000}, unhandledPromptBehavior: dismiss and notify, webauthn:extension:credBlob: true, webauthn:extension:largeBlob: true, webauthn:extension:minPinLength: true, webauthn:extension:prf: true, webauthn:virtualAuthenticators: true}
Session ID: 9fdebe4397fb6ada84bbb784bf54b932">
      <![CDATA[org.openqa.selenium.NoSuchWindowException: no such window: target window already closed
from unknown error: web view not found
  (Session info: chrome=117.0.5938.132)
Build info: version: '4.10.0', revision: 'c14d967899'
System info: os.name: 'Windows 10', os.arch: 'amd64', os.version: '10.0', java.version: '17.0.8'
Driver info: org.openqa.selenium.chrome.ChromeDriver
Command: [9fdebe4397fb6ada84bbb784bf54b932, maximizeCurrentWindow {}]
Capabilities {acceptInsecureCerts: false, browserName: chrome, browserVersion: 117.0.5938.132, chrome: {chromedriverVersion: 116.0.5845.96 (1a3918166880..., userDataDir: C:\Users\user\AppData\Local...}, fedcm:accounts: true, goog:chromeOptions: {debuggerAddress: localhost:49321}, networkConnectionEnabled: false, pageLoadStrategy: normal, platformName: windows, proxy: Proxy(), se:cdp: ws://localhost:49321/devtoo..., se:cdpVersion: 117.0.5938.132, setWindowRect: true, strictFileInteractability: false, timeouts: {implicit: 0, pageLoad: 300000, script: 30000}, unhandledPromptBehavior: dismiss and notify, webauthn:extension:credBlob: true, webauthn:extension:largeBlob: true, webauthn:extension:minPinLength: true, webauthn:extension:prf: true, webauthn:virtualAuthenticators: true}
Session ID: 9fdebe4397fb6ada84bbb784bf54b932
at org.openqa.selenium.remote.codec.w3c.W3CHttpResponseCodec.createException(W3CHttpResponseCodec.java:199)
at org.openqa.selenium.remote.codec.w3c.W3CHttpResponseCodec.decode(W3CHttpResponseCodec.java:132)
at org.openqa.selenium.remote.codec.w3c.W3CHttpResponseCodec.decode(W3CHttpResponseCodec.java:51)
at org.openqa.selenium.remote.HttpCommandExecutor.execute(HttpCommandExecutor.java:191)
at org.openqa.selenium.remote.service.DriverCommandExecutor.invokeExecute(DriverCommandExecutor.java:196)
at org.openqa.selenium.remote.service.DriverCommandExecutor.execute(DriverCommandExecutor.java:171)
at org.openqa.selenium.remote.RemoteWebDriver.execute(RemoteWebDriver.java:531)
at org.openqa.selenium.remote.RemoteWebDriver.execute(RemoteWebDriver.java:590)
at org.openqa.selenium.remote.RemoteWebDriver.execute(RemoteWebDriver.java:594)
at org.openqa.selenium.remote.RemoteWebDriver$RemoteWebDriverOptions$RemoteWindow.maximize(RemoteWebDriver.java:955)
at com.obsquara.SeleniumTestNG.Base.instilBrowser(Base.java:25)
at java.base/java.util.ArrayList.forEach(ArrayList.java:1511)
... Removed 35 stack frames]]>
    </failure>
  </testcase> <!-- @BeforeMethod instilBrowser -->
  <testcase classname="com.obsquara.SeleniumTestNG.Base" name="@AfterMethod driverCloseOrQuit" time="0.0">
    <skipped/>
  </testcase> <!-- @AfterMethod driverCloseOrQuit -->
  <testcase classname="com.obsquara.SeleniumTestNG.Base" name="@BeforeMethod instilBrowser" time="0.0">
    <skipped/>
  </testcase> <!-- @BeforeMethod instilBrowser -->
  <testcase classname="com.obsquara.SeleniumTestNG.Base" name="@AfterMethod driverCloseOrQuit" time="0.0">
    <skipped/>
  </testcase> <!-- @AfterMethod driverCloseOrQuit -->
  <testcase classname="com.obsquara.SeleniumTestNG.PopUp" name="alertmet" time="0.769"/>
  <testcase classname="com.obsquara.SeleniumTestNG.PopUp" name="popup" time="4.082"/>
  <testcase classname="com.obsquara.SeleniumTestNG.AnnotationScenario" name="testCase1" time="1.596"/>
  <testcase classname="com.obsquara.SeleniumTestNG.NewTest" name="f" time="0.002"/>
  <testcase classname="com.obsquara.SeleniumTestNG.WebTable" name="identifyName" time="0.821"/>
  <testcase classname="com.obsquara.SeleniumTestNG.WebTable" name="tableList" time="0.704">
    <failure type="java.lang.AssertionError" message="Actual valueand excepted value are not same expected [Name Position Office Age Start date Salary] but found [[Name, Position, Office, Age, Start date, Salary]]">
      <![CDATA[java.lang.AssertionError: Actual valueand excepted value are not same expected [Name Position Office Age Start date Salary] but found [[Name, Position, Office, Age, Start date, Salary]]
at com.obsquara.SeleniumTestNG.WebTable.tableList(WebTable.java:30)
at java.base/java.util.ArrayList.forEach(ArrayList.java:1511)
... Removed 31 stack frames]]>
    </failure>
  </testcase> <!-- tableList -->
  <testcase classname="com.obsquara.SeleniumTestNG.Assertion" name="asserTrueRadioButtonM" time="0.591"/>
  <testcase classname="com.obsquara.SeleniumTestNG.Assertion" name="assertFalsRadiobuttonDisable" time="0.699"/>
  <testcase classname="com.obsquara.SeleniumTestNG.Assertion" name="assertNotNullSample" time="0.001"/>
  <testcase classname="com.obsquara.SeleniumTestNG.Assertion" name="assertNullSample" time="0.001"/>
  <testcase classname="com.obsquara.SeleniumTestNG.Assertion" name="assertsEqualsSingleinputform" time="0.438"/>
  <testcase classname="com.obsquara.SeleniumTestNG.Assertion" name="notEqualSample" time="0.001"/>
  <testcase classname="com.obsquara.SeleniumTestNG.Assertion" name="softAssert" time="0.066"/>
  <testcase classname="com.obsquara.SeleniumTestNG.Assertion" name="verifyShowButtontext" time="0.041"/>
  <testcase classname="com.obsquara.SeleniumTestNG.JavaScriptExcuteSample" name="showmsg" time="0.098"/>
  <testcase classname="com.obsquara.SeleniumTestNG.ActionsClass" name="actions" time="1.64"/>
  <testcase classname="com.obsquara.SeleniumTestNG.Iframes" name="iframesample" time="10.813"/>
  <testcase classname="com.obsquara.SeleniumTestNG.SelectClass" name="sampleSelectClass" time="0.001">
    <skipped/>
  </testcase> <!-- sampleSelectClass -->
  <testcase classname="com.obsquara.SeleniumTestNG.Annotations" name="testcase1" time="0.002"/>
  <testcase classname="com.obsquara.SeleniumTestNG.Annotations" name="testcase2" time="0.001"/>
  <testcase classname="com.obsquara.SeleniumTestNG.FindElementsSample" name="menuElements" time="0.519"/>
  <testcase classname="com.obsquara.SeleniumTestNG.TestcasesObsquara" name="classAndId" time="0.024"/>
  <testcase classname="com.obsquara.SeleniumTestNG.TestcasesObsquara" name="cssSelectorTestcase" time="0.045"/>
  <testcase classname="com.obsquara.SeleniumTestNG.TestcasesObsquara" name="idButtonTestcase" time="0.287"/>
  <testcase classname="com.obsquara.SeleniumTestNG.TestcasesObsquara" name="verifyShowButtonAlignment" time="0.0">
    <skipped/>
  </testcase> <!-- verifyShowButtonAlignment -->
  <testcase classname="com.obsquara.SeleniumTestNG.TestcasesObsquara" name="xpathTestcase" time="0.0">
    <skipped/>
  </testcase> <!-- xpathTestcase -->
</testsuite> <!-- Test -->
