<?xml version="1.0" encoding="UTF-8"?>
<testng-results ignored="0" total="26" passed="22" failed="1" skipped="3">
  <reporter-output>
  </reporter-output>
  <suite started-at="2023-10-03T08:36:43 IST" name="Suite" finished-at="2023-10-03T08:38:24 IST" duration-ms="101506">
    <groups>
    </groups>
    <test started-at="2023-10-03T08:36:43 IST" name="Test" finished-at="2023-10-03T08:38:24 IST" duration-ms="101506">
      <class name="com.obsquara.SeleniumTestNG.WebTable">
        <test-method is-config="true" signature="instilBrowser()[pri:0, instance:com.obsquara.SeleniumTestNG.WebTable@44c03695]" started-at="2023-10-03T08:37:01 IST" name="instilBrowser" finished-at="2023-10-03T08:37:04 IST" duration-ms="3250" status="PASS">
          <reporter-output>
          </reporter-output>
        </test-method> <!-- instilBrowser -->
        <test-method signature="identifyName()[pri:0, instance:com.obsquara.SeleniumTestNG.WebTable@44c03695]" started-at="2023-10-03T08:37:04 IST" name="identifyName" finished-at="2023-10-03T08:37:05 IST" duration-ms="821" status="PASS">
          <reporter-output>
          </reporter-output>
        </test-method> <!-- identifyName -->
        <test-method is-config="true" signature="driverCloseOrQuit()[pri:0, instance:com.obsquara.SeleniumTestNG.WebTable@44c03695]" started-at="2023-10-03T08:37:05 IST" name="driverCloseOrQuit" finished-at="2023-10-03T08:37:05 IST" duration-ms="325" status="PASS">
          <reporter-output>
          </reporter-output>
        </test-method> <!-- driverCloseOrQuit -->
        <test-method is-config="true" signature="instilBrowser()[pri:0, instance:com.obsquara.SeleniumTestNG.WebTable@44c03695]" started-at="2023-10-03T08:37:05 IST" name="instilBrowser" finished-at="2023-10-03T08:37:09 IST" duration-ms="3215" status="PASS">
          <reporter-output>
          </reporter-output>
        </test-method> <!-- instilBrowser -->
        <test-method signature="tableList()[pri:0, instance:com.obsquara.SeleniumTestNG.WebTable@44c03695]" started-at="2023-10-03T08:37:09 IST" name="tableList" finished-at="2023-10-03T08:37:09 IST" duration-ms="704" status="FAIL">
          <exception class="java.lang.AssertionError">
            <message>
              <![CDATA[Actual valueand excepted value are not same expected [Name Position Office Age Start date Salary] but found [[Name, Position, Office, Age, Start date, Salary]]]]>
            </message>
            <full-stacktrace>
              <![CDATA[java.lang.AssertionError: Actual valueand excepted value are not same expected [Name Position Office Age Start date Salary] but found [[Name, Position, Office, Age, Start date, Salary]]
at org.testng.Assert.fail(Assert.java:110)
at org.testng.Assert.failNotEquals(Assert.java:1413)
at org.testng.Assert.assertEqualsImpl(Assert.java:149)
at org.testng.Assert.assertEquals(Assert.java:131)
at com.obsquara.SeleniumTestNG.WebTable.tableList(WebTable.java:30)
at java.base/jdk.internal.reflect.NativeMethodAccessorImpl.invoke0(Native Method)
at java.base/jdk.internal.reflect.NativeMethodAccessorImpl.invoke(NativeMethodAccessorImpl.java:77)
at java.base/jdk.internal.reflect.DelegatingMethodAccessorImpl.invoke(DelegatingMethodAccessorImpl.java:43)
at java.base/java.lang.reflect.Method.invoke(Method.java:568)
at org.testng.internal.invokers.MethodInvocationHelper.invokeMethod(MethodInvocationHelper.java:135)
at org.testng.internal.invokers.TestInvoker.invokeMethod(TestInvoker.java:673)
at org.testng.internal.invokers.TestInvoker.invokeTestMethod(TestInvoker.java:220)
at org.testng.internal.invokers.MethodRunner.runInSequence(MethodRunner.java:50)
at org.testng.internal.invokers.TestInvoker$MethodInvocationAgent.invoke(TestInvoker.java:945)
at org.testng.internal.invokers.TestInvoker.invokeTestMethods(TestInvoker.java:193)
at org.testng.internal.invokers.TestMethodWorker.invokeTestMethods(TestMethodWorker.java:146)
at org.testng.internal.invokers.TestMethodWorker.run(TestMethodWorker.java:128)
at java.base/java.util.ArrayList.forEach(ArrayList.java:1511)
at org.testng.TestRunner.privateRun(TestRunner.java:808)
at org.testng.TestRunner.run(TestRunner.java:603)
at org.testng.SuiteRunner.runTest(SuiteRunner.java:429)
at org.testng.SuiteRunner.runSequentially(SuiteRunner.java:423)
at org.testng.SuiteRunner.privateRun(SuiteRunner.java:383)
at org.testng.SuiteRunner.run(SuiteRunner.java:326)
at org.testng.SuiteRunnerWorker.runSuite(SuiteRunnerWorker.java:52)
at org.testng.SuiteRunnerWorker.run(SuiteRunnerWorker.java:95)
at org.testng.TestNG.runSuitesSequentially(TestNG.java:1249)
at org.testng.TestNG.runSuitesLocally(TestNG.java:1169)
at org.testng.TestNG.runSuites(TestNG.java:1092)
at org.testng.TestNG.run(TestNG.java:1060)
at org.testng.remote.AbstractRemoteTestNG.run(AbstractRemoteTestNG.java:115)
at org.testng.remote.RemoteTestNG.initAndRun(RemoteTestNG.java:251)
at org.testng.remote.RemoteTestNG.main(RemoteTestNG.java:77)
]]>
            </full-stacktrace>
          </exception> <!-- java.lang.AssertionError -->
          <reporter-output>
          </reporter-output>
        </test-method> <!-- tableList -->
        <test-method is-config="true" signature="driverCloseOrQuit()[pri:0, instance:com.obsquara.SeleniumTestNG.WebTable@44c03695]" started-at="2023-10-03T08:37:09 IST" name="driverCloseOrQuit" finished-at="2023-10-03T08:37:10 IST" duration-ms="311" status="PASS">
          <reporter-output>
          </reporter-output>
        </test-method> <!-- driverCloseOrQuit -->
      </class> <!-- com.obsquara.SeleniumTestNG.WebTable -->
      <class name="com.obsquara.SeleniumTestNG.ActionsClass">
        <test-method is-config="true" signature="instilBrowser()[pri:0, instance:com.obsquara.SeleniumTestNG.ActionsClass@6a78afa0]" started-at="2023-10-03T08:37:41 IST" name="instilBrowser" finished-at="2023-10-03T08:37:45 IST" duration-ms="3595" status="PASS">
          <reporter-output>
          </reporter-output>
        </test-method> <!-- instilBrowser -->
        <test-method signature="actions()[pri:0, instance:com.obsquara.SeleniumTestNG.ActionsClass@6a78afa0]" started-at="2023-10-03T08:37:45 IST" name="actions" finished-at="2023-10-03T08:37:46 IST" duration-ms="1640" status="PASS">
          <reporter-output>
          </reporter-output>
        </test-method> <!-- actions -->
        <test-method is-config="true" signature="driverCloseOrQuit()[pri:0, instance:com.obsquara.SeleniumTestNG.ActionsClass@6a78afa0]" started-at="2023-10-03T08:37:46 IST" name="driverCloseOrQuit" finished-at="2023-10-03T08:37:47 IST" duration-ms="318" status="PASS">
          <reporter-output>
          </reporter-output>
        </test-method> <!-- driverCloseOrQuit -->
      </class> <!-- com.obsquara.SeleniumTestNG.ActionsClass -->
      <class name="com.obsquara.SeleniumTestNG.Iframes">
        <test-method is-config="true" signature="instilBrowser()[pri:0, instance:com.obsquara.SeleniumTestNG.Iframes@2f4948e4]" started-at="2023-10-03T08:37:47 IST" name="instilBrowser" finished-at="2023-10-03T08:37:52 IST" duration-ms="5044" status="PASS">
          <reporter-output>
          </reporter-output>
        </test-method> <!-- instilBrowser -->
        <test-method signature="iframesample()[pri:0, instance:com.obsquara.SeleniumTestNG.Iframes@2f4948e4]" started-at="2023-10-03T08:37:52 IST" name="iframesample" finished-at="2023-10-03T08:38:02 IST" duration-ms="10813" status="PASS">
          <reporter-output>
          </reporter-output>
        </test-method> <!-- iframesample -->
        <test-method is-config="true" signature="driverCloseOrQuit()[pri:0, instance:com.obsquara.SeleniumTestNG.Iframes@2f4948e4]" started-at="2023-10-03T08:38:02 IST" name="driverCloseOrQuit" finished-at="2023-10-03T08:38:03 IST" duration-ms="509" status="PASS">
          <reporter-output>
          </reporter-output>
        </test-method> <!-- driverCloseOrQuit -->
      </class> <!-- com.obsquara.SeleniumTestNG.Iframes -->
      <class name="com.obsquara.SeleniumTestNG.NewTest">
        <test-method signature="f()[pri:0, instance:com.obsquara.SeleniumTestNG.NewTest@6150c3ec]" started-at="2023-10-03T08:37:01 IST" name="f" finished-at="2023-10-03T08:37:01 IST" duration-ms="2" status="PASS">
          <reporter-output>
          </reporter-output>
        </test-method> <!-- f -->
      </class> <!-- com.obsquara.SeleniumTestNG.NewTest -->
      <class name="com.obsquara.SeleniumTestNG.FindElementsSample">
        <test-method is-config="true" signature="instilBrowser()[pri:0, instance:com.obsquara.SeleniumTestNG.FindElementsSample@3fc2959f]" started-at="2023-10-03T08:38:08 IST" name="instilBrowser" finished-at="2023-10-03T08:38:11 IST" duration-ms="3049" status="PASS">
          <reporter-output>
          </reporter-output>
        </test-method> <!-- instilBrowser -->
        <test-method signature="menuElements()[pri:0, instance:com.obsquara.SeleniumTestNG.FindElementsSample@3fc2959f]" started-at="2023-10-03T08:38:11 IST" name="menuElements" finished-at="2023-10-03T08:38:12 IST" duration-ms="519" status="PASS">
          <reporter-output>
          </reporter-output>
        </test-method> <!-- menuElements -->
        <test-method is-config="true" signature="driverCloseOrQuit()[pri:0, instance:com.obsquara.SeleniumTestNG.FindElementsSample@3fc2959f]" started-at="2023-10-03T08:38:12 IST" name="driverCloseOrQuit" finished-at="2023-10-03T08:38:12 IST" duration-ms="341" status="PASS">
          <reporter-output>
          </reporter-output>
        </test-method> <!-- driverCloseOrQuit -->
      </class> <!-- com.obsquara.SeleniumTestNG.FindElementsSample -->
      <class name="com.obsquara.SeleniumTestNG.JavaScriptExcuteSample">
        <test-method is-config="true" signature="instilBrowser()[pri:0, instance:com.obsquara.SeleniumTestNG.JavaScriptExcuteSample@dd05255]" started-at="2023-10-03T08:37:38 IST" name="instilBrowser" finished-at="2023-10-03T08:37:40 IST" duration-ms="2718" status="PASS">
          <reporter-output>
          </reporter-output>
        </test-method> <!-- instilBrowser -->
        <test-method signature="showmsg()[pri:0, instance:com.obsquara.SeleniumTestNG.JavaScriptExcuteSample@dd05255]" started-at="2023-10-03T08:37:40 IST" name="showmsg" finished-at="2023-10-03T08:37:41 IST" duration-ms="98" status="PASS">
          <reporter-output>
          </reporter-output>
        </test-method> <!-- showmsg -->
        <test-method is-config="true" signature="driverCloseOrQuit()[pri:0, instance:com.obsquara.SeleniumTestNG.JavaScriptExcuteSample@dd05255]" started-at="2023-10-03T08:37:41 IST" name="driverCloseOrQuit" finished-at="2023-10-03T08:37:41 IST" duration-ms="391" status="PASS">
          <reporter-output>
          </reporter-output>
        </test-method> <!-- driverCloseOrQuit -->
      </class> <!-- com.obsquara.SeleniumTestNG.JavaScriptExcuteSample -->
      <class name="com.obsquara.SeleniumTestNG.SelectClass">
        <test-method is-config="true" signature="instilBrowser()[pri:0, instance:com.obsquara.SeleniumTestNG.SelectClass@1f2586d6]" started-at="2023-10-03T08:38:03 IST" name="instilBrowser" finished-at="2023-10-03T08:38:08 IST" duration-ms="5196" status="FAIL">
          <exception class="org.openqa.selenium.remote.UnreachableBrowserException">
            <message>
              <![CDATA[Error communicating with the remote browser. It may have died.
Build info: version: '4.10.0', revision: 'c14d967899'
System info: os.name: 'Windows 10', os.arch: 'amd64', os.version: '10.0', java.version: '17.0.8'
Driver info: org.openqa.selenium.chrome.ChromeDriver
Command: [a5f82b6a5e606e115a627a9578a47a65, get {url=https://selenium.obsqurazone.com/simple-form-demo.php}]
Capabilities {acceptInsecureCerts: false, browserName: chrome, browserVersion: 117.0.5938.132, chrome: {chromedriverVersion: 116.0.5845.96 (1a3918166880..., userDataDir: C:\Users\user\AppData\Local...}, fedcm:accounts: true, goog:chromeOptions: {debuggerAddress: localhost:49204}, networkConnectionEnabled: false, pageLoadStrategy: normal, platformName: windows, proxy: Proxy(), se:cdp: ws://localhost:49204/devtoo..., se:cdpVersion: 117.0.5938.132, setWindowRect: true, strictFileInteractability: false, timeouts: {implicit: 0, pageLoad: 300000, script: 30000}, unhandledPromptBehavior: dismiss and notify, webauthn:extension:credBlob: true, webauthn:extension:largeBlob: true, webauthn:extension:minPinLength: true, webauthn:extension:prf: true, webauthn:virtualAuthenticators: true}
Session ID: a5f82b6a5e606e115a627a9578a47a65]]>
            </message>
            <full-stacktrace>
              <![CDATA[org.openqa.selenium.remote.UnreachableBrowserException: Error communicating with the remote browser. It may have died.
Build info: version: '4.10.0', revision: 'c14d967899'
System info: os.name: 'Windows 10', os.arch: 'amd64', os.version: '10.0', java.version: '17.0.8'
Driver info: org.openqa.selenium.chrome.ChromeDriver
Command: [a5f82b6a5e606e115a627a9578a47a65, get {url=https://selenium.obsqurazone.com/simple-form-demo.php}]
Capabilities {acceptInsecureCerts: false, browserName: chrome, browserVersion: 117.0.5938.132, chrome: {chromedriverVersion: 116.0.5845.96 (1a3918166880..., userDataDir: C:\Users\user\AppData\Local...}, fedcm:accounts: true, goog:chromeOptions: {debuggerAddress: localhost:49204}, networkConnectionEnabled: false, pageLoadStrategy: normal, platformName: windows, proxy: Proxy(), se:cdp: ws://localhost:49204/devtoo..., se:cdpVersion: 117.0.5938.132, setWindowRect: true, strictFileInteractability: false, timeouts: {implicit: 0, pageLoad: 300000, script: 30000}, unhandledPromptBehavior: dismiss and notify, webauthn:extension:credBlob: true, webauthn:extension:largeBlob: true, webauthn:extension:minPinLength: true, webauthn:extension:prf: true, webauthn:virtualAuthenticators: true}
Session ID: a5f82b6a5e606e115a627a9578a47a65
at org.openqa.selenium.remote.RemoteWebDriver.execute(RemoteWebDriver.java:558)
at org.openqa.selenium.remote.RemoteWebDriver.get(RemoteWebDriver.java:295)
at com.obsquara.SeleniumTestNG.Base.instilBrowser(Base.java:23)
at java.base/jdk.internal.reflect.NativeMethodAccessorImpl.invoke0(Native Method)
at java.base/jdk.internal.reflect.NativeMethodAccessorImpl.invoke(NativeMethodAccessorImpl.java:77)
at java.base/jdk.internal.reflect.DelegatingMethodAccessorImpl.invoke(DelegatingMethodAccessorImpl.java:43)
at java.base/java.lang.reflect.Method.invoke(Method.java:568)
at org.testng.internal.invokers.MethodInvocationHelper.invokeMethod(MethodInvocationHelper.java:135)
at org.testng.internal.invokers.MethodInvocationHelper.invokeMethodConsideringTimeout(MethodInvocationHelper.java:65)
at org.testng.internal.invokers.ConfigInvoker.invokeConfigurationMethod(ConfigInvoker.java:381)
at org.testng.internal.invokers.ConfigInvoker.invokeConfigurations(ConfigInvoker.java:319)
at org.testng.internal.invokers.TestInvoker.runConfigMethods(TestInvoker.java:803)
at org.testng.internal.invokers.TestInvoker.invokeMethod(TestInvoker.java:589)
at org.testng.internal.invokers.TestInvoker.invokeTestMethod(TestInvoker.java:220)
at org.testng.internal.invokers.MethodRunner.runInSequence(MethodRunner.java:50)
at org.testng.internal.invokers.TestInvoker$MethodInvocationAgent.invoke(TestInvoker.java:945)
at org.testng.internal.invokers.TestInvoker.invokeTestMethods(TestInvoker.java:193)
at org.testng.internal.invokers.TestMethodWorker.invokeTestMethods(TestMethodWorker.java:146)
at org.testng.internal.invokers.TestMethodWorker.run(TestMethodWorker.java:128)
at java.base/java.util.ArrayList.forEach(ArrayList.java:1511)
at org.testng.TestRunner.privateRun(TestRunner.java:808)
at org.testng.TestRunner.run(TestRunner.java:603)
at org.testng.SuiteRunner.runTest(SuiteRunner.java:429)
at org.testng.SuiteRunner.runSequentially(SuiteRunner.java:423)
at org.testng.SuiteRunner.privateRun(SuiteRunner.java:383)
at org.testng.SuiteRunner.run(SuiteRunner.java:326)
at org.testng.SuiteRunnerWorker.runSuite(SuiteRunnerWorker.java:52)
at org.testng.SuiteRunnerWorker.run(SuiteRunnerWorker.java:95)
at org.testng.TestNG.runSuitesSequentially(TestNG.java:1249)
at org.testng.TestNG.runSuitesLocally(TestNG.java:1169)
at org.testng.TestNG.runSuites(TestNG.java:1092)
at org.testng.TestNG.run(TestNG.java:1060)
at org.testng.remote.AbstractRemoteTestNG.run(AbstractRemoteTestNG.java:115)
at org.testng.remote.RemoteTestNG.initAndRun(RemoteTestNG.java:251)
at org.testng.remote.RemoteTestNG.main(RemoteTestNG.java:77)
Caused by: java.io.UncheckedIOException: java.net.SocketException: Connection reset
at org.openqa.selenium.remote.http.netty.NettyHttpHandler.makeCall(NettyHttpHandler.java:73)
at org.openqa.selenium.remote.http.AddSeleniumUserAgent.lambda$apply$0(AddSeleniumUserAgent.java:42)
at org.openqa.selenium.remote.http.Filter.lambda$andFinally$1(Filter.java:55)
at org.openqa.selenium.remote.http.netty.NettyHttpHandler.execute(NettyHttpHandler.java:48)
at org.openqa.selenium.remote.http.AddSeleniumUserAgent.lambda$apply$0(AddSeleniumUserAgent.java:42)
at org.openqa.selenium.remote.http.Filter.lambda$andFinally$1(Filter.java:55)
at org.openqa.selenium.remote.http.netty.NettyClient.execute(NettyClient.java:97)
at org.openqa.selenium.remote.HttpCommandExecutor.execute(HttpCommandExecutor.java:188)
at org.openqa.selenium.remote.service.DriverCommandExecutor.invokeExecute(DriverCommandExecutor.java:196)
at org.openqa.selenium.remote.service.DriverCommandExecutor.execute(DriverCommandExecutor.java:171)
at org.openqa.selenium.remote.RemoteWebDriver.execute(RemoteWebDriver.java:531)
... 34 more
Caused by: java.net.SocketException: Connection reset
at java.base/sun.nio.ch.SocketChannelImpl.throwConnectionReset(SocketChannelImpl.java:394)
at java.base/sun.nio.ch.SocketChannelImpl.read(SocketChannelImpl.java:426)
at io.netty.buffer.PooledByteBuf.setBytes(PooledByteBuf.java:256)
at io.netty.buffer.AbstractByteBuf.writeBytes(AbstractByteBuf.java:1132)
at io.netty.channel.socket.nio.NioSocketChannel.doReadBytes(NioSocketChannel.java:357)
at io.netty.channel.nio.AbstractNioByteChannel$NioByteUnsafe.read(AbstractNioByteChannel.java:151)
at io.netty.channel.nio.NioEventLoop.processSelectedKey(NioEventLoop.java:788)
at io.netty.channel.nio.NioEventLoop.processSelectedKeysOptimized(NioEventLoop.java:724)
at io.netty.channel.nio.NioEventLoop.processSelectedKeys(NioEventLoop.java:650)
at io.netty.channel.nio.NioEventLoop.run(NioEventLoop.java:562)
at io.netty.util.concurrent.SingleThreadEventExecutor$4.run(SingleThreadEventExecutor.java:997)
at io.netty.util.internal.ThreadExecutorMap$2.run(ThreadExecutorMap.java:74)
at io.netty.util.concurrent.FastThreadLocalRunnable.run(FastThreadLocalRunnable.java:30)
at java.base/java.lang.Thread.run(Thread.java:833)
]]>
            </full-stacktrace>
          </exception> <!-- org.openqa.selenium.remote.UnreachableBrowserException -->
          <reporter-output>
          </reporter-output>
        </test-method> <!-- instilBrowser -->
        <test-method signature="sampleSelectClass()[pri:0, instance:com.obsquara.SeleniumTestNG.SelectClass@1f2586d6]" started-at="2023-10-03T08:38:08 IST" name="sampleSelectClass" finished-at="2023-10-03T08:38:08 IST" duration-ms="1" status="SKIP">
          <exception class="org.openqa.selenium.remote.UnreachableBrowserException">
            <message>
              <![CDATA[Error communicating with the remote browser. It may have died.
Build info: version: '4.10.0', revision: 'c14d967899'
System info: os.name: 'Windows 10', os.arch: 'amd64', os.version: '10.0', java.version: '17.0.8'
Driver info: org.openqa.selenium.chrome.ChromeDriver
Command: [a5f82b6a5e606e115a627a9578a47a65, get {url=https://selenium.obsqurazone.com/simple-form-demo.php}]
Capabilities {acceptInsecureCerts: false, browserName: chrome, browserVersion: 117.0.5938.132, chrome: {chromedriverVersion: 116.0.5845.96 (1a3918166880..., userDataDir: C:\Users\user\AppData\Local...}, fedcm:accounts: true, goog:chromeOptions: {debuggerAddress: localhost:49204}, networkConnectionEnabled: false, pageLoadStrategy: normal, platformName: windows, proxy: Proxy(), se:cdp: ws://localhost:49204/devtoo..., se:cdpVersion: 117.0.5938.132, setWindowRect: true, strictFileInteractability: false, timeouts: {implicit: 0, pageLoad: 300000, script: 30000}, unhandledPromptBehavior: dismiss and notify, webauthn:extension:credBlob: true, webauthn:extension:largeBlob: true, webauthn:extension:minPinLength: true, webauthn:extension:prf: true, webauthn:virtualAuthenticators: true}
Session ID: a5f82b6a5e606e115a627a9578a47a65]]>
            </message>
            <full-stacktrace>
              <![CDATA[org.openqa.selenium.remote.UnreachableBrowserException: Error communicating with the remote browser. It may have died.
Build info: version: '4.10.0', revision: 'c14d967899'
System info: os.name: 'Windows 10', os.arch: 'amd64', os.version: '10.0', java.version: '17.0.8'
Driver info: org.openqa.selenium.chrome.ChromeDriver
Command: [a5f82b6a5e606e115a627a9578a47a65, get {url=https://selenium.obsqurazone.com/simple-form-demo.php}]
Capabilities {acceptInsecureCerts: false, browserName: chrome, browserVersion: 117.0.5938.132, chrome: {chromedriverVersion: 116.0.5845.96 (1a3918166880..., userDataDir: C:\Users\user\AppData\Local...}, fedcm:accounts: true, goog:chromeOptions: {debuggerAddress: localhost:49204}, networkConnectionEnabled: false, pageLoadStrategy: normal, platformName: windows, proxy: Proxy(), se:cdp: ws://localhost:49204/devtoo..., se:cdpVersion: 117.0.5938.132, setWindowRect: true, strictFileInteractability: false, timeouts: {implicit: 0, pageLoad: 300000, script: 30000}, unhandledPromptBehavior: dismiss and notify, webauthn:extension:credBlob: true, webauthn:extension:largeBlob: true, webauthn:extension:minPinLength: true, webauthn:extension:prf: true, webauthn:virtualAuthenticators: true}
Session ID: a5f82b6a5e606e115a627a9578a47a65
at org.openqa.selenium.remote.RemoteWebDriver.execute(RemoteWebDriver.java:558)
at org.openqa.selenium.remote.RemoteWebDriver.get(RemoteWebDriver.java:295)
at com.obsquara.SeleniumTestNG.Base.instilBrowser(Base.java:23)
at java.base/jdk.internal.reflect.NativeMethodAccessorImpl.invoke0(Native Method)
at java.base/jdk.internal.reflect.NativeMethodAccessorImpl.invoke(NativeMethodAccessorImpl.java:77)
at java.base/jdk.internal.reflect.DelegatingMethodAccessorImpl.invoke(DelegatingMethodAccessorImpl.java:43)
at java.base/java.lang.reflect.Method.invoke(Method.java:568)
at org.testng.internal.invokers.MethodInvocationHelper.invokeMethod(MethodInvocationHelper.java:135)
at org.testng.internal.invokers.MethodInvocationHelper.invokeMethodConsideringTimeout(MethodInvocationHelper.java:65)
at org.testng.internal.invokers.ConfigInvoker.invokeConfigurationMethod(ConfigInvoker.java:381)
at org.testng.internal.invokers.ConfigInvoker.invokeConfigurations(ConfigInvoker.java:319)
at org.testng.internal.invokers.TestInvoker.runConfigMethods(TestInvoker.java:803)
at org.testng.internal.invokers.TestInvoker.invokeMethod(TestInvoker.java:589)
at org.testng.internal.invokers.TestInvoker.invokeTestMethod(TestInvoker.java:220)
at org.testng.internal.invokers.MethodRunner.runInSequence(MethodRunner.java:50)
at org.testng.internal.invokers.TestInvoker$MethodInvocationAgent.invoke(TestInvoker.java:945)
at org.testng.internal.invokers.TestInvoker.invokeTestMethods(TestInvoker.java:193)
at org.testng.internal.invokers.TestMethodWorker.invokeTestMethods(TestMethodWorker.java:146)
at org.testng.internal.invokers.TestMethodWorker.run(TestMethodWorker.java:128)
at java.base/java.util.ArrayList.forEach(ArrayList.java:1511)
at org.testng.TestRunner.privateRun(TestRunner.java:808)
at org.testng.TestRunner.run(TestRunner.java:603)
at org.testng.SuiteRunner.runTest(SuiteRunner.java:429)
at org.testng.SuiteRunner.runSequentially(SuiteRunner.java:423)
at org.testng.SuiteRunner.privateRun(SuiteRunner.java:383)
at org.testng.SuiteRunner.run(SuiteRunner.java:326)
at org.testng.SuiteRunnerWorker.runSuite(SuiteRunnerWorker.java:52)
at org.testng.SuiteRunnerWorker.run(SuiteRunnerWorker.java:95)
at org.testng.TestNG.runSuitesSequentially(TestNG.java:1249)
at org.testng.TestNG.runSuitesLocally(TestNG.java:1169)
at org.testng.TestNG.runSuites(TestNG.java:1092)
at org.testng.TestNG.run(TestNG.java:1060)
at org.testng.remote.AbstractRemoteTestNG.run(AbstractRemoteTestNG.java:115)
at org.testng.remote.RemoteTestNG.initAndRun(RemoteTestNG.java:251)
at org.testng.remote.RemoteTestNG.main(RemoteTestNG.java:77)
Caused by: java.io.UncheckedIOException: java.net.SocketException: Connection reset
at org.openqa.selenium.remote.http.netty.NettyHttpHandler.makeCall(NettyHttpHandler.java:73)
at org.openqa.selenium.remote.http.AddSeleniumUserAgent.lambda$apply$0(AddSeleniumUserAgent.java:42)
at org.openqa.selenium.remote.http.Filter.lambda$andFinally$1(Filter.java:55)
at org.openqa.selenium.remote.http.netty.NettyHttpHandler.execute(NettyHttpHandler.java:48)
at org.openqa.selenium.remote.http.AddSeleniumUserAgent.lambda$apply$0(AddSeleniumUserAgent.java:42)
at org.openqa.selenium.remote.http.Filter.lambda$andFinally$1(Filter.java:55)
at org.openqa.selenium.remote.http.netty.NettyClient.execute(NettyClient.java:97)
at org.openqa.selenium.remote.HttpCommandExecutor.execute(HttpCommandExecutor.java:188)
at org.openqa.selenium.remote.service.DriverCommandExecutor.invokeExecute(DriverCommandExecutor.java:196)
at org.openqa.selenium.remote.service.DriverCommandExecutor.execute(DriverCommandExecutor.java:171)
at org.openqa.selenium.remote.RemoteWebDriver.execute(RemoteWebDriver.java:531)
... 34 more
Caused by: java.net.SocketException: Connection reset
at java.base/sun.nio.ch.SocketChannelImpl.throwConnectionReset(SocketChannelImpl.java:394)
at java.base/sun.nio.ch.SocketChannelImpl.read(SocketChannelImpl.java:426)
at io.netty.buffer.PooledByteBuf.setBytes(PooledByteBuf.java:256)
at io.netty.buffer.AbstractByteBuf.writeBytes(AbstractByteBuf.java:1132)
at io.netty.channel.socket.nio.NioSocketChannel.doReadBytes(NioSocketChannel.java:357)
at io.netty.channel.nio.AbstractNioByteChannel$NioByteUnsafe.read(AbstractNioByteChannel.java:151)
at io.netty.channel.nio.NioEventLoop.processSelectedKey(NioEventLoop.java:788)
at io.netty.channel.nio.NioEventLoop.processSelectedKeysOptimized(NioEventLoop.java:724)
at io.netty.channel.nio.NioEventLoop.processSelectedKeys(NioEventLoop.java:650)
at io.netty.channel.nio.NioEventLoop.run(NioEventLoop.java:562)
at io.netty.util.concurrent.SingleThreadEventExecutor$4.run(SingleThreadEventExecutor.java:997)
at io.netty.util.internal.ThreadExecutorMap$2.run(ThreadExecutorMap.java:74)
at io.netty.util.concurrent.FastThreadLocalRunnable.run(FastThreadLocalRunnable.java:30)
at java.base/java.lang.Thread.run(Thread.java:833)
]]>
            </full-stacktrace>
          </exception> <!-- org.openqa.selenium.remote.UnreachableBrowserException -->
          <reporter-output>
          </reporter-output>
        </test-method> <!-- sampleSelectClass -->
        <test-method is-config="true" signature="driverCloseOrQuit()[pri:0, instance:com.obsquara.SeleniumTestNG.SelectClass@1f2586d6]" started-at="2023-10-03T08:38:08 IST" name="driverCloseOrQuit" finished-at="2023-10-03T08:38:08 IST" duration-ms="0" status="SKIP">
          <reporter-output>
          </reporter-output>
        </test-method> <!-- driverCloseOrQuit -->
      </class> <!-- com.obsquara.SeleniumTestNG.SelectClass -->
      <class name="com.obsquara.SeleniumTestNG.PopUp">
        <test-method is-config="true" signature="instilBrowser()[pri:0, instance:com.obsquara.SeleniumTestNG.PopUp@515c6049]" started-at="2023-10-03T08:36:43 IST" name="instilBrowser" finished-at="2023-10-03T08:36:48 IST" duration-ms="5028" status="PASS">
          <reporter-output>
          </reporter-output>
        </test-method> <!-- instilBrowser -->
        <test-method signature="alertmet()[pri:0, instance:com.obsquara.SeleniumTestNG.PopUp@515c6049]" started-at="2023-10-03T08:36:48 IST" name="alertmet" finished-at="2023-10-03T08:36:49 IST" duration-ms="769" status="PASS">
          <reporter-output>
          </reporter-output>
        </test-method> <!-- alertmet -->
        <test-method is-config="true" signature="driverCloseOrQuit()[pri:0, instance:com.obsquara.SeleniumTestNG.PopUp@515c6049]" started-at="2023-10-03T08:36:49 IST" name="driverCloseOrQuit" finished-at="2023-10-03T08:36:49 IST" duration-ms="398" status="PASS">
          <reporter-output>
          </reporter-output>
        </test-method> <!-- driverCloseOrQuit -->
        <test-method is-config="true" signature="instilBrowser()[pri:0, instance:com.obsquara.SeleniumTestNG.PopUp@515c6049]" started-at="2023-10-03T08:36:49 IST" name="instilBrowser" finished-at="2023-10-03T08:36:52 IST" duration-ms="3070" status="PASS">
          <reporter-output>
          </reporter-output>
        </test-method> <!-- instilBrowser -->
        <test-method signature="popup()[pri:0, instance:com.obsquara.SeleniumTestNG.PopUp@515c6049]" started-at="2023-10-03T08:36:52 IST" name="popup" finished-at="2023-10-03T08:36:56 IST" duration-ms="4082" status="PASS">
          <reporter-output>
          </reporter-output>
        </test-method> <!-- popup -->
        <test-method is-config="true" signature="driverCloseOrQuit()[pri:0, instance:com.obsquara.SeleniumTestNG.PopUp@515c6049]" started-at="2023-10-03T08:36:56 IST" name="driverCloseOrQuit" finished-at="2023-10-03T08:36:57 IST" duration-ms="416" status="PASS">
          <reporter-output>
          </reporter-output>
        </test-method> <!-- driverCloseOrQuit -->
      </class> <!-- com.obsquara.SeleniumTestNG.PopUp -->
      <class name="com.obsquara.SeleniumTestNG.Assertion">
        <test-method is-config="true" signature="instilBrowser()[pri:0, instance:com.obsquara.SeleniumTestNG.Assertion@7e6f74c]" started-at="2023-10-03T08:37:10 IST" name="instilBrowser" finished-at="2023-10-03T08:37:13 IST" duration-ms="2791" status="PASS">
          <reporter-output>
          </reporter-output>
        </test-method> <!-- instilBrowser -->
        <test-method signature="asserTrueRadioButtonM()[pri:0, instance:com.obsquara.SeleniumTestNG.Assertion@7e6f74c]" started-at="2023-10-03T08:37:13 IST" name="asserTrueRadioButtonM" finished-at="2023-10-03T08:37:13 IST" duration-ms="591" status="PASS">
          <reporter-output>
          </reporter-output>
        </test-method> <!-- asserTrueRadioButtonM -->
        <test-method is-config="true" signature="driverCloseOrQuit()[pri:0, instance:com.obsquara.SeleniumTestNG.Assertion@7e6f74c]" started-at="2023-10-03T08:37:13 IST" name="driverCloseOrQuit" finished-at="2023-10-03T08:37:13 IST" duration-ms="308" status="PASS">
          <reporter-output>
          </reporter-output>
        </test-method> <!-- driverCloseOrQuit -->
        <test-method is-config="true" signature="instilBrowser()[pri:0, instance:com.obsquara.SeleniumTestNG.Assertion@7e6f74c]" started-at="2023-10-03T08:37:13 IST" name="instilBrowser" finished-at="2023-10-03T08:37:17 IST" duration-ms="3301" status="PASS">
          <reporter-output>
          </reporter-output>
        </test-method> <!-- instilBrowser -->
        <test-method signature="assertFalsRadiobuttonDisable()[pri:0, instance:com.obsquara.SeleniumTestNG.Assertion@7e6f74c]" started-at="2023-10-03T08:37:17 IST" name="assertFalsRadiobuttonDisable" finished-at="2023-10-03T08:37:17 IST" duration-ms="699" status="PASS">
          <reporter-output>
          </reporter-output>
        </test-method> <!-- assertFalsRadiobuttonDisable -->
        <test-method is-config="true" signature="driverCloseOrQuit()[pri:0, instance:com.obsquara.SeleniumTestNG.Assertion@7e6f74c]" started-at="2023-10-03T08:37:17 IST" name="driverCloseOrQuit" finished-at="2023-10-03T08:37:18 IST" duration-ms="385" status="PASS">
          <reporter-output>
          </reporter-output>
        </test-method> <!-- driverCloseOrQuit -->
        <test-method is-config="true" signature="instilBrowser()[pri:0, instance:com.obsquara.SeleniumTestNG.Assertion@7e6f74c]" started-at="2023-10-03T08:37:18 IST" name="instilBrowser" finished-at="2023-10-03T08:37:21 IST" duration-ms="3028" status="PASS">
          <reporter-output>
          </reporter-output>
        </test-method> <!-- instilBrowser -->
        <test-method signature="assertNotNullSample()[pri:0, instance:com.obsquara.SeleniumTestNG.Assertion@7e6f74c]" started-at="2023-10-03T08:37:21 IST" name="assertNotNullSample" finished-at="2023-10-03T08:37:21 IST" duration-ms="1" status="PASS">
          <reporter-output>
          </reporter-output>
        </test-method> <!-- assertNotNullSample -->
        <test-method is-config="true" signature="driverCloseOrQuit()[pri:0, instance:com.obsquara.SeleniumTestNG.Assertion@7e6f74c]" started-at="2023-10-03T08:37:21 IST" name="driverCloseOrQuit" finished-at="2023-10-03T08:37:21 IST" duration-ms="353" status="PASS">
          <reporter-output>
          </reporter-output>
        </test-method> <!-- driverCloseOrQuit -->
        <test-method is-config="true" signature="instilBrowser()[pri:0, instance:com.obsquara.SeleniumTestNG.Assertion@7e6f74c]" started-at="2023-10-03T08:37:21 IST" name="instilBrowser" finished-at="2023-10-03T08:37:24 IST" duration-ms="3063" status="PASS">
          <reporter-output>
          </reporter-output>
        </test-method> <!-- instilBrowser -->
        <test-method signature="assertNullSample()[pri:0, instance:com.obsquara.SeleniumTestNG.Assertion@7e6f74c]" started-at="2023-10-03T08:37:24 IST" name="assertNullSample" finished-at="2023-10-03T08:37:24 IST" duration-ms="1" status="PASS">
          <reporter-output>
          </reporter-output>
        </test-method> <!-- assertNullSample -->
        <test-method is-config="true" signature="driverCloseOrQuit()[pri:0, instance:com.obsquara.SeleniumTestNG.Assertion@7e6f74c]" started-at="2023-10-03T08:37:24 IST" name="driverCloseOrQuit" finished-at="2023-10-03T08:37:25 IST" duration-ms="306" status="PASS">
          <reporter-output>
          </reporter-output>
        </test-method> <!-- driverCloseOrQuit -->
        <test-method is-config="true" signature="instilBrowser()[pri:0, instance:com.obsquara.SeleniumTestNG.Assertion@7e6f74c]" started-at="2023-10-03T08:37:25 IST" name="instilBrowser" finished-at="2023-10-03T08:37:28 IST" duration-ms="3200" status="PASS">
          <reporter-output>
          </reporter-output>
        </test-method> <!-- instilBrowser -->
        <test-method signature="assertsEqualsSingleinputform()[pri:0, instance:com.obsquara.SeleniumTestNG.Assertion@7e6f74c]" started-at="2023-10-03T08:37:28 IST" name="assertsEqualsSingleinputform" finished-at="2023-10-03T08:37:28 IST" duration-ms="438" status="PASS">
          <reporter-output>
          </reporter-output>
        </test-method> <!-- assertsEqualsSingleinputform -->
        <test-method is-config="true" signature="driverCloseOrQuit()[pri:0, instance:com.obsquara.SeleniumTestNG.Assertion@7e6f74c]" started-at="2023-10-03T08:37:28 IST" name="driverCloseOrQuit" finished-at="2023-10-03T08:37:28 IST" duration-ms="253" status="PASS">
          <reporter-output>
          </reporter-output>
        </test-method> <!-- driverCloseOrQuit -->
        <test-method is-config="true" signature="instilBrowser()[pri:0, instance:com.obsquara.SeleniumTestNG.Assertion@7e6f74c]" started-at="2023-10-03T08:37:28 IST" name="instilBrowser" finished-at="2023-10-03T08:37:32 IST" duration-ms="3104" status="PASS">
          <reporter-output>
          </reporter-output>
        </test-method> <!-- instilBrowser -->
        <test-method signature="notEqualSample()[pri:0, instance:com.obsquara.SeleniumTestNG.Assertion@7e6f74c]" started-at="2023-10-03T08:37:32 IST" name="notEqualSample" finished-at="2023-10-03T08:37:32 IST" duration-ms="1" status="PASS">
          <reporter-output>
          </reporter-output>
        </test-method> <!-- notEqualSample -->
        <test-method is-config="true" signature="driverCloseOrQuit()[pri:0, instance:com.obsquara.SeleniumTestNG.Assertion@7e6f74c]" started-at="2023-10-03T08:37:32 IST" name="driverCloseOrQuit" finished-at="2023-10-03T08:37:32 IST" duration-ms="261" status="PASS">
          <reporter-output>
          </reporter-output>
        </test-method> <!-- driverCloseOrQuit -->
        <test-method is-config="true" signature="instilBrowser()[pri:0, instance:com.obsquara.SeleniumTestNG.Assertion@7e6f74c]" started-at="2023-10-03T08:37:32 IST" name="instilBrowser" finished-at="2023-10-03T08:37:35 IST" duration-ms="2702" status="PASS">
          <reporter-output>
          </reporter-output>
        </test-method> <!-- instilBrowser -->
        <test-method signature="softAssert()[pri:0, instance:com.obsquara.SeleniumTestNG.Assertion@7e6f74c]" started-at="2023-10-03T08:37:35 IST" name="softAssert" finished-at="2023-10-03T08:37:35 IST" duration-ms="66" status="PASS">
          <reporter-output>
          </reporter-output>
        </test-method> <!-- softAssert -->
        <test-method is-config="true" signature="driverCloseOrQuit()[pri:0, instance:com.obsquara.SeleniumTestNG.Assertion@7e6f74c]" started-at="2023-10-03T08:37:35 IST" name="driverCloseOrQuit" finished-at="2023-10-03T08:37:35 IST" duration-ms="260" status="PASS">
          <reporter-output>
          </reporter-output>
        </test-method> <!-- driverCloseOrQuit -->
        <test-method is-config="true" signature="instilBrowser()[pri:0, instance:com.obsquara.SeleniumTestNG.Assertion@7e6f74c]" started-at="2023-10-03T08:37:35 IST" name="instilBrowser" finished-at="2023-10-03T08:37:37 IST" duration-ms="2621" status="PASS">
          <reporter-output>
          </reporter-output>
        </test-method> <!-- instilBrowser -->
        <test-method signature="verifyShowButtontext()[pri:0, instance:com.obsquara.SeleniumTestNG.Assertion@7e6f74c]" started-at="2023-10-03T08:37:37 IST" name="verifyShowButtontext" finished-at="2023-10-03T08:37:38 IST" duration-ms="41" status="PASS">
          <reporter-output>
          </reporter-output>
        </test-method> <!-- verifyShowButtontext -->
        <test-method is-config="true" signature="driverCloseOrQuit()[pri:0, instance:com.obsquara.SeleniumTestNG.Assertion@7e6f74c]" started-at="2023-10-03T08:37:38 IST" name="driverCloseOrQuit" finished-at="2023-10-03T08:37:38 IST" duration-ms="250" status="PASS">
          <reporter-output>
          </reporter-output>
        </test-method> <!-- driverCloseOrQuit -->
      </class> <!-- com.obsquara.SeleniumTestNG.Assertion -->
      <class name="com.obsquara.SeleniumTestNG.AnnotationScenario">
        <test-method is-config="true" signature="beforeSuit()[pri:0, instance:com.obsquara.SeleniumTestNG.AnnotationScenario@1573f9fc]" started-at="2023-10-03T08:36:43 IST" name="beforeSuit" finished-at="2023-10-03T08:36:43 IST" duration-ms="12" status="PASS">
          <reporter-output>
          </reporter-output>
        </test-method> <!-- beforeSuit -->
        <test-method is-config="true" signature="beforeTest()[pri:0, instance:com.obsquara.SeleniumTestNG.AnnotationScenario@1573f9fc]" started-at="2023-10-03T08:36:43 IST" name="beforeTest" finished-at="2023-10-03T08:36:43 IST" duration-ms="1" status="PASS">
          <reporter-output>
          </reporter-output>
        </test-method> <!-- beforeTest -->
        <test-method is-config="true" signature="beforeClass()[pri:0, instance:com.obsquara.SeleniumTestNG.AnnotationScenario@1573f9fc]" started-at="2023-10-03T08:36:57 IST" name="beforeClass" finished-at="2023-10-03T08:36:57 IST" duration-ms="1" status="PASS">
          <reporter-output>
          </reporter-output>
        </test-method> <!-- beforeClass -->
        <test-method is-config="true" signature="instilBrowser()[pri:0, instance:com.obsquara.SeleniumTestNG.AnnotationScenario@1573f9fc]" started-at="2023-10-03T08:36:57 IST" name="instilBrowser" finished-at="2023-10-03T08:36:59 IST" duration-ms="2497" status="PASS">
          <reporter-output>
          </reporter-output>
        </test-method> <!-- instilBrowser -->
        <test-method signature="testCase1()[pri:0, instance:com.obsquara.SeleniumTestNG.AnnotationScenario@1573f9fc]" started-at="2023-10-03T08:36:59 IST" name="testCase1" finished-at="2023-10-03T08:37:01 IST" duration-ms="1596" status="PASS">
          <reporter-output>
          </reporter-output>
        </test-method> <!-- testCase1 -->
        <test-method is-config="true" signature="driverQuit()[pri:0, instance:com.obsquara.SeleniumTestNG.AnnotationScenario@1573f9fc]" started-at="2023-10-03T08:37:01 IST" name="driverQuit" finished-at="2023-10-03T08:37:01 IST" duration-ms="317" status="PASS">
          <reporter-output>
          </reporter-output>
        </test-method> <!-- driverQuit -->
        <test-method is-config="true" signature="afterclass()[pri:0, instance:com.obsquara.SeleniumTestNG.AnnotationScenario@1573f9fc]" started-at="2023-10-03T08:37:01 IST" name="afterclass" finished-at="2023-10-03T08:37:01 IST" duration-ms="1" status="PASS">
          <reporter-output>
          </reporter-output>
        </test-method> <!-- afterclass -->
        <test-method is-config="true" signature="afterTest()[pri:0, instance:com.obsquara.SeleniumTestNG.AnnotationScenario@1573f9fc]" started-at="2023-10-03T08:38:24 IST" name="afterTest" finished-at="2023-10-03T08:38:24 IST" duration-ms="0" status="PASS">
          <reporter-output>
          </reporter-output>
        </test-method> <!-- afterTest -->
        <test-method is-config="true" signature="afterSuit()[pri:0, instance:com.obsquara.SeleniumTestNG.AnnotationScenario@1573f9fc]" started-at="2023-10-03T08:38:25 IST" name="afterSuit" finished-at="2023-10-03T08:38:25 IST" duration-ms="0" status="PASS">
          <reporter-output>
          </reporter-output>
        </test-method> <!-- afterSuit -->
      </class> <!-- com.obsquara.SeleniumTestNG.AnnotationScenario -->
      <class name="com.obsquara.SeleniumTestNG.Annotations">
        <test-method is-config="true" signature="beforeSuit()[pri:0, instance:com.obsquara.SeleniumTestNG.Annotations@10683d9d]" started-at="2023-10-03T08:36:43 IST" name="beforeSuit" finished-at="2023-10-03T08:36:43 IST" duration-ms="0" status="PASS">
          <reporter-output>
          </reporter-output>
        </test-method> <!-- beforeSuit -->
        <test-method is-config="true" signature="beforeTest()[pri:0, instance:com.obsquara.SeleniumTestNG.Annotations@10683d9d]" started-at="2023-10-03T08:36:43 IST" name="beforeTest" finished-at="2023-10-03T08:36:43 IST" duration-ms="1" status="PASS">
          <reporter-output>
          </reporter-output>
        </test-method> <!-- beforeTest -->
        <test-method is-config="true" signature="beforeMethod()[pri:0, instance:com.obsquara.SeleniumTestNG.Annotations@10683d9d]" started-at="2023-10-03T08:38:08 IST" name="beforeMethod" finished-at="2023-10-03T08:38:08 IST" duration-ms="2" status="PASS">
          <reporter-output>
          </reporter-output>
        </test-method> <!-- beforeMethod -->
        <test-method is-config="true" signature="beforeClass()[pri:0, instance:com.obsquara.SeleniumTestNG.Annotations@10683d9d]" started-at="2023-10-03T08:38:08 IST" name="beforeClass" finished-at="2023-10-03T08:38:08 IST" duration-ms="0" status="PASS">
          <reporter-output>
          </reporter-output>
        </test-method> <!-- beforeClass -->
        <test-method signature="testcase1()[pri:0, instance:com.obsquara.SeleniumTestNG.Annotations@10683d9d]" started-at="2023-10-03T08:38:08 IST" name="testcase1" finished-at="2023-10-03T08:38:08 IST" duration-ms="2" status="PASS">
          <reporter-output>
          </reporter-output>
        </test-method> <!-- testcase1 -->
        <test-method is-config="true" signature="afterMethod()[pri:0, instance:com.obsquara.SeleniumTestNG.Annotations@10683d9d]" started-at="2023-10-03T08:38:08 IST" name="afterMethod" finished-at="2023-10-03T08:38:08 IST" duration-ms="0" status="PASS">
          <reporter-output>
          </reporter-output>
        </test-method> <!-- afterMethod -->
        <test-method is-config="true" signature="beforeMethod()[pri:0, instance:com.obsquara.SeleniumTestNG.Annotations@10683d9d]" started-at="2023-10-03T08:38:08 IST" name="beforeMethod" finished-at="2023-10-03T08:38:08 IST" duration-ms="0" status="PASS">
          <reporter-output>
          </reporter-output>
        </test-method> <!-- beforeMethod -->
        <test-method signature="testcase2()[pri:0, instance:com.obsquara.SeleniumTestNG.Annotations@10683d9d]" started-at="2023-10-03T08:38:08 IST" name="testcase2" finished-at="2023-10-03T08:38:08 IST" duration-ms="1" status="PASS">
          <reporter-output>
          </reporter-output>
        </test-method> <!-- testcase2 -->
        <test-method is-config="true" signature="afterMethod()[pri:0, instance:com.obsquara.SeleniumTestNG.Annotations@10683d9d]" started-at="2023-10-03T08:38:08 IST" name="afterMethod" finished-at="2023-10-03T08:38:08 IST" duration-ms="0" status="PASS">
          <reporter-output>
          </reporter-output>
        </test-method> <!-- afterMethod -->
        <test-method is-config="true" signature="afterclass()[pri:0, instance:com.obsquara.SeleniumTestNG.Annotations@10683d9d]" started-at="2023-10-03T08:38:08 IST" name="afterclass" finished-at="2023-10-03T08:38:08 IST" duration-ms="0" status="PASS">
          <reporter-output>
          </reporter-output>
        </test-method> <!-- afterclass -->
        <test-method is-config="true" signature="afterTest()[pri:0, instance:com.obsquara.SeleniumTestNG.Annotations@10683d9d]" started-at="2023-10-03T08:38:24 IST" name="afterTest" finished-at="2023-10-03T08:38:24 IST" duration-ms="1" status="PASS">
          <reporter-output>
          </reporter-output>
        </test-method> <!-- afterTest -->
        <test-method is-config="true" signature="afterSuit()[pri:0, instance:com.obsquara.SeleniumTestNG.Annotations@10683d9d]" started-at="2023-10-03T08:38:25 IST" name="afterSuit" finished-at="2023-10-03T08:38:25 IST" duration-ms="1" status="PASS">
          <reporter-output>
          </reporter-output>
        </test-method> <!-- afterSuit -->
      </class> <!-- com.obsquara.SeleniumTestNG.Annotations -->
      <class name="com.obsquara.SeleniumTestNG.TestcasesObsquara">
        <test-method is-config="true" signature="instilBrowser()[pri:0, instance:com.obsquara.SeleniumTestNG.TestcasesObsquara@5aa9e4eb]" started-at="2023-10-03T08:38:12 IST" name="instilBrowser" finished-at="2023-10-03T08:38:15 IST" duration-ms="3039" status="PASS">
          <reporter-output>
          </reporter-output>
        </test-method> <!-- instilBrowser -->
        <test-method signature="classAndId()[pri:0, instance:com.obsquara.SeleniumTestNG.TestcasesObsquara@5aa9e4eb]" started-at="2023-10-03T08:38:15 IST" name="classAndId" finished-at="2023-10-03T08:38:15 IST" duration-ms="24" status="PASS">
          <reporter-output>
          </reporter-output>
        </test-method> <!-- classAndId -->
        <test-method is-config="true" signature="driverCloseOrQuit()[pri:0, instance:com.obsquara.SeleniumTestNG.TestcasesObsquara@5aa9e4eb]" started-at="2023-10-03T08:38:15 IST" name="driverCloseOrQuit" finished-at="2023-10-03T08:38:15 IST" duration-ms="370" status="PASS">
          <reporter-output>
          </reporter-output>
        </test-method> <!-- driverCloseOrQuit -->
        <test-method is-config="true" signature="instilBrowser()[pri:0, instance:com.obsquara.SeleniumTestNG.TestcasesObsquara@5aa9e4eb]" started-at="2023-10-03T08:38:15 IST" name="instilBrowser" finished-at="2023-10-03T08:38:18 IST" duration-ms="2744" status="PASS">
          <reporter-output>
          </reporter-output>
        </test-method> <!-- instilBrowser -->
        <test-method signature="cssSelectorTestcase()[pri:0, instance:com.obsquara.SeleniumTestNG.TestcasesObsquara@5aa9e4eb]" started-at="2023-10-03T08:38:18 IST" name="cssSelectorTestcase" finished-at="2023-10-03T08:38:18 IST" duration-ms="45" status="PASS">
          <reporter-output>
          </reporter-output>
        </test-method> <!-- cssSelectorTestcase -->
        <test-method is-config="true" signature="driverCloseOrQuit()[pri:0, instance:com.obsquara.SeleniumTestNG.TestcasesObsquara@5aa9e4eb]" started-at="2023-10-03T08:38:18 IST" name="driverCloseOrQuit" finished-at="2023-10-03T08:38:19 IST" duration-ms="318" status="PASS">
          <reporter-output>
          </reporter-output>
        </test-method> <!-- driverCloseOrQuit -->
        <test-method is-config="true" signature="instilBrowser()[pri:0, instance:com.obsquara.SeleniumTestNG.TestcasesObsquara@5aa9e4eb]" started-at="2023-10-03T08:38:19 IST" name="instilBrowser" finished-at="2023-10-03T08:38:21 IST" duration-ms="2744" status="PASS">
          <reporter-output>
          </reporter-output>
        </test-method> <!-- instilBrowser -->
        <test-method signature="idButtonTestcase()[pri:0, instance:com.obsquara.SeleniumTestNG.TestcasesObsquara@5aa9e4eb]" started-at="2023-10-03T08:38:21 IST" name="idButtonTestcase" finished-at="2023-10-03T08:38:22 IST" duration-ms="287" status="PASS">
          <reporter-output>
          </reporter-output>
        </test-method> <!-- idButtonTestcase -->
        <test-method is-config="true" signature="driverCloseOrQuit()[pri:0, instance:com.obsquara.SeleniumTestNG.TestcasesObsquara@5aa9e4eb]" started-at="2023-10-03T08:38:22 IST" name="driverCloseOrQuit" finished-at="2023-10-03T08:38:22 IST" duration-ms="360" status="PASS">
          <reporter-output>
          </reporter-output>
        </test-method> <!-- driverCloseOrQuit -->
        <test-method is-config="true" signature="instilBrowser()[pri:0, instance:com.obsquara.SeleniumTestNG.TestcasesObsquara@5aa9e4eb]" started-at="2023-10-03T08:38:22 IST" name="instilBrowser" finished-at="2023-10-03T08:38:24 IST" duration-ms="2344" status="FAIL">
          <exception class="org.openqa.selenium.NoSuchWindowException">
            <message>
              <![CDATA[no such window: target window already closed
from unknown error: web view not found
  (Session info: chrome=117.0.5938.132)
Build info: version: '4.10.0', revision: 'c14d967899'
System info: os.name: 'Windows 10', os.arch: 'amd64', os.version: '10.0', java.version: '17.0.8'
Driver info: org.openqa.selenium.chrome.ChromeDriver
Command: [9fdebe4397fb6ada84bbb784bf54b932, maximizeCurrentWindow {}]
Capabilities {acceptInsecureCerts: false, browserName: chrome, browserVersion: 117.0.5938.132, chrome: {chromedriverVersion: 116.0.5845.96 (1a3918166880..., userDataDir: C:\Users\user\AppData\Local...}, fedcm:accounts: true, goog:chromeOptions: {debuggerAddress: localhost:49321}, networkConnectionEnabled: false, pageLoadStrategy: normal, platformName: windows, proxy: Proxy(), se:cdp: ws://localhost:49321/devtoo..., se:cdpVersion: 117.0.5938.132, setWindowRect: true, strictFileInteractability: false, timeouts: {implicit: 0, pageLoad: 300000, script: 30000}, unhandledPromptBehavior: dismiss and notify, webauthn:extension:credBlob: true, webauthn:extension:largeBlob: true, webauthn:extension:minPinLength: true, webauthn:extension:prf: true, webauthn:virtualAuthenticators: true}
Session ID: 9fdebe4397fb6ada84bbb784bf54b932]]>
            </message>
            <full-stacktrace>
              <![CDATA[org.openqa.selenium.NoSuchWindowException: no such window: target window already closed
from unknown error: web view not found
  (Session info: chrome=117.0.5938.132)
Build info: version: '4.10.0', revision: 'c14d967899'
System info: os.name: 'Windows 10', os.arch: 'amd64', os.version: '10.0', java.version: '17.0.8'
Driver info: org.openqa.selenium.chrome.ChromeDriver
Command: [9fdebe4397fb6ada84bbb784bf54b932, maximizeCurrentWindow {}]
Capabilities {acceptInsecureCerts: false, browserName: chrome, browserVersion: 117.0.5938.132, chrome: {chromedriverVersion: 116.0.5845.96 (1a3918166880..., userDataDir: C:\Users\user\AppData\Local...}, fedcm:accounts: true, goog:chromeOptions: {debuggerAddress: localhost:49321}, networkConnectionEnabled: false, pageLoadStrategy: normal, platformName: windows, proxy: Proxy(), se:cdp: ws://localhost:49321/devtoo..., se:cdpVersion: 117.0.5938.132, setWindowRect: true, strictFileInteractability: false, timeouts: {implicit: 0, pageLoad: 300000, script: 30000}, unhandledPromptBehavior: dismiss and notify, webauthn:extension:credBlob: true, webauthn:extension:largeBlob: true, webauthn:extension:minPinLength: true, webauthn:extension:prf: true, webauthn:virtualAuthenticators: true}
Session ID: 9fdebe4397fb6ada84bbb784bf54b932
at java.base/jdk.internal.reflect.NativeConstructorAccessorImpl.newInstance0(Native Method)
at java.base/jdk.internal.reflect.NativeConstructorAccessorImpl.newInstance(NativeConstructorAccessorImpl.java:77)
at java.base/jdk.internal.reflect.DelegatingConstructorAccessorImpl.newInstance(DelegatingConstructorAccessorImpl.java:45)
at java.base/java.lang.reflect.Constructor.newInstanceWithCaller(Constructor.java:499)
at java.base/java.lang.reflect.Constructor.newInstance(Constructor.java:480)
at org.openqa.selenium.remote.codec.w3c.W3CHttpResponseCodec.createException(W3CHttpResponseCodec.java:199)
at org.openqa.selenium.remote.codec.w3c.W3CHttpResponseCodec.decode(W3CHttpResponseCodec.java:132)
at org.openqa.selenium.remote.codec.w3c.W3CHttpResponseCodec.decode(W3CHttpResponseCodec.java:51)
at org.openqa.selenium.remote.HttpCommandExecutor.execute(HttpCommandExecutor.java:191)
at org.openqa.selenium.remote.service.DriverCommandExecutor.invokeExecute(DriverCommandExecutor.java:196)
at org.openqa.selenium.remote.service.DriverCommandExecutor.execute(DriverCommandExecutor.java:171)
at org.openqa.selenium.remote.RemoteWebDriver.execute(RemoteWebDriver.java:531)
at org.openqa.selenium.remote.RemoteWebDriver.execute(RemoteWebDriver.java:590)
at org.openqa.selenium.remote.RemoteWebDriver.execute(RemoteWebDriver.java:594)
at org.openqa.selenium.remote.RemoteWebDriver$RemoteWebDriverOptions$RemoteWindow.maximize(RemoteWebDriver.java:955)
at com.obsquara.SeleniumTestNG.Base.instilBrowser(Base.java:25)
at jdk.internal.reflect.GeneratedMethodAccessor1.invoke(Unknown Source)
at java.base/jdk.internal.reflect.DelegatingMethodAccessorImpl.invoke(DelegatingMethodAccessorImpl.java:43)
at java.base/java.lang.reflect.Method.invoke(Method.java:568)
at org.testng.internal.invokers.MethodInvocationHelper.invokeMethod(MethodInvocationHelper.java:135)
at org.testng.internal.invokers.MethodInvocationHelper.invokeMethodConsideringTimeout(MethodInvocationHelper.java:65)
at org.testng.internal.invokers.ConfigInvoker.invokeConfigurationMethod(ConfigInvoker.java:381)
at org.testng.internal.invokers.ConfigInvoker.invokeConfigurations(ConfigInvoker.java:319)
at org.testng.internal.invokers.TestInvoker.runConfigMethods(TestInvoker.java:803)
at org.testng.internal.invokers.TestInvoker.invokeMethod(TestInvoker.java:589)
at org.testng.internal.invokers.TestInvoker.invokeTestMethod(TestInvoker.java:220)
at org.testng.internal.invokers.MethodRunner.runInSequence(MethodRunner.java:50)
at org.testng.internal.invokers.TestInvoker$MethodInvocationAgent.invoke(TestInvoker.java:945)
at org.testng.internal.invokers.TestInvoker.invokeTestMethods(TestInvoker.java:193)
at org.testng.internal.invokers.TestMethodWorker.invokeTestMethods(TestMethodWorker.java:146)
at org.testng.internal.invokers.TestMethodWorker.run(TestMethodWorker.java:128)
at java.base/java.util.ArrayList.forEach(ArrayList.java:1511)
at org.testng.TestRunner.privateRun(TestRunner.java:808)
at org.testng.TestRunner.run(TestRunner.java:603)
at org.testng.SuiteRunner.runTest(SuiteRunner.java:429)
at org.testng.SuiteRunner.runSequentially(SuiteRunner.java:423)
at org.testng.SuiteRunner.privateRun(SuiteRunner.java:383)
at org.testng.SuiteRunner.run(SuiteRunner.java:326)
at org.testng.SuiteRunnerWorker.runSuite(SuiteRunnerWorker.java:52)
at org.testng.SuiteRunnerWorker.run(SuiteRunnerWorker.java:95)
at org.testng.TestNG.runSuitesSequentially(TestNG.java:1249)
at org.testng.TestNG.runSuitesLocally(TestNG.java:1169)
at org.testng.TestNG.runSuites(TestNG.java:1092)
at org.testng.TestNG.run(TestNG.java:1060)
at org.testng.remote.AbstractRemoteTestNG.run(AbstractRemoteTestNG.java:115)
at org.testng.remote.RemoteTestNG.initAndRun(RemoteTestNG.java:251)
at org.testng.remote.RemoteTestNG.main(RemoteTestNG.java:77)
]]>
            </full-stacktrace>
          </exception> <!-- org.openqa.selenium.NoSuchWindowException -->
          <reporter-output>
          </reporter-output>
        </test-method> <!-- instilBrowser -->
        <test-method signature="verifyShowButtonAlignment()[pri:0, instance:com.obsquara.SeleniumTestNG.TestcasesObsquara@5aa9e4eb]" started-at="2023-10-03T08:38:24 IST" name="verifyShowButtonAlignment" finished-at="2023-10-03T08:38:24 IST" duration-ms="0" status="SKIP">
          <exception class="org.openqa.selenium.NoSuchWindowException">
            <message>
              <![CDATA[no such window: target window already closed
from unknown error: web view not found
  (Session info: chrome=117.0.5938.132)
Build info: version: '4.10.0', revision: 'c14d967899'
System info: os.name: 'Windows 10', os.arch: 'amd64', os.version: '10.0', java.version: '17.0.8'
Driver info: org.openqa.selenium.chrome.ChromeDriver
Command: [9fdebe4397fb6ada84bbb784bf54b932, maximizeCurrentWindow {}]
Capabilities {acceptInsecureCerts: false, browserName: chrome, browserVersion: 117.0.5938.132, chrome: {chromedriverVersion: 116.0.5845.96 (1a3918166880..., userDataDir: C:\Users\user\AppData\Local...}, fedcm:accounts: true, goog:chromeOptions: {debuggerAddress: localhost:49321}, networkConnectionEnabled: false, pageLoadStrategy: normal, platformName: windows, proxy: Proxy(), se:cdp: ws://localhost:49321/devtoo..., se:cdpVersion: 117.0.5938.132, setWindowRect: true, strictFileInteractability: false, timeouts: {implicit: 0, pageLoad: 300000, script: 30000}, unhandledPromptBehavior: dismiss and notify, webauthn:extension:credBlob: true, webauthn:extension:largeBlob: true, webauthn:extension:minPinLength: true, webauthn:extension:prf: true, webauthn:virtualAuthenticators: true}
Session ID: 9fdebe4397fb6ada84bbb784bf54b932]]>
            </message>
            <full-stacktrace>
              <![CDATA[org.openqa.selenium.NoSuchWindowException: no such window: target window already closed
from unknown error: web view not found
  (Session info: chrome=117.0.5938.132)
Build info: version: '4.10.0', revision: 'c14d967899'
System info: os.name: 'Windows 10', os.arch: 'amd64', os.version: '10.0', java.version: '17.0.8'
Driver info: org.openqa.selenium.chrome.ChromeDriver
Command: [9fdebe4397fb6ada84bbb784bf54b932, maximizeCurrentWindow {}]
Capabilities {acceptInsecureCerts: false, browserName: chrome, browserVersion: 117.0.5938.132, chrome: {chromedriverVersion: 116.0.5845.96 (1a3918166880..., userDataDir: C:\Users\user\AppData\Local...}, fedcm:accounts: true, goog:chromeOptions: {debuggerAddress: localhost:49321}, networkConnectionEnabled: false, pageLoadStrategy: normal, platformName: windows, proxy: Proxy(), se:cdp: ws://localhost:49321/devtoo..., se:cdpVersion: 117.0.5938.132, setWindowRect: true, strictFileInteractability: false, timeouts: {implicit: 0, pageLoad: 300000, script: 30000}, unhandledPromptBehavior: dismiss and notify, webauthn:extension:credBlob: true, webauthn:extension:largeBlob: true, webauthn:extension:minPinLength: true, webauthn:extension:prf: true, webauthn:virtualAuthenticators: true}
Session ID: 9fdebe4397fb6ada84bbb784bf54b932
at java.base/jdk.internal.reflect.NativeConstructorAccessorImpl.newInstance0(Native Method)
at java.base/jdk.internal.reflect.NativeConstructorAccessorImpl.newInstance(NativeConstructorAccessorImpl.java:77)
at java.base/jdk.internal.reflect.DelegatingConstructorAccessorImpl.newInstance(DelegatingConstructorAccessorImpl.java:45)
at java.base/java.lang.reflect.Constructor.newInstanceWithCaller(Constructor.java:499)
at java.base/java.lang.reflect.Constructor.newInstance(Constructor.java:480)
at org.openqa.selenium.remote.codec.w3c.W3CHttpResponseCodec.createException(W3CHttpResponseCodec.java:199)
at org.openqa.selenium.remote.codec.w3c.W3CHttpResponseCodec.decode(W3CHttpResponseCodec.java:132)
at org.openqa.selenium.remote.codec.w3c.W3CHttpResponseCodec.decode(W3CHttpResponseCodec.java:51)
at org.openqa.selenium.remote.HttpCommandExecutor.execute(HttpCommandExecutor.java:191)
at org.openqa.selenium.remote.service.DriverCommandExecutor.invokeExecute(DriverCommandExecutor.java:196)
at org.openqa.selenium.remote.service.DriverCommandExecutor.execute(DriverCommandExecutor.java:171)
at org.openqa.selenium.remote.RemoteWebDriver.execute(RemoteWebDriver.java:531)
at org.openqa.selenium.remote.RemoteWebDriver.execute(RemoteWebDriver.java:590)
at org.openqa.selenium.remote.RemoteWebDriver.execute(RemoteWebDriver.java:594)
at org.openqa.selenium.remote.RemoteWebDriver$RemoteWebDriverOptions$RemoteWindow.maximize(RemoteWebDriver.java:955)
at com.obsquara.SeleniumTestNG.Base.instilBrowser(Base.java:25)
at jdk.internal.reflect.GeneratedMethodAccessor1.invoke(Unknown Source)
at java.base/jdk.internal.reflect.DelegatingMethodAccessorImpl.invoke(DelegatingMethodAccessorImpl.java:43)
at java.base/java.lang.reflect.Method.invoke(Method.java:568)
at org.testng.internal.invokers.MethodInvocationHelper.invokeMethod(MethodInvocationHelper.java:135)
at org.testng.internal.invokers.MethodInvocationHelper.invokeMethodConsideringTimeout(MethodInvocationHelper.java:65)
at org.testng.internal.invokers.ConfigInvoker.invokeConfigurationMethod(ConfigInvoker.java:381)
at org.testng.internal.invokers.ConfigInvoker.invokeConfigurations(ConfigInvoker.java:319)
at org.testng.internal.invokers.TestInvoker.runConfigMethods(TestInvoker.java:803)
at org.testng.internal.invokers.TestInvoker.invokeMethod(TestInvoker.java:589)
at org.testng.internal.invokers.TestInvoker.invokeTestMethod(TestInvoker.java:220)
at org.testng.internal.invokers.MethodRunner.runInSequence(MethodRunner.java:50)
at org.testng.internal.invokers.TestInvoker$MethodInvocationAgent.invoke(TestInvoker.java:945)
at org.testng.internal.invokers.TestInvoker.invokeTestMethods(TestInvoker.java:193)
at org.testng.internal.invokers.TestMethodWorker.invokeTestMethods(TestMethodWorker.java:146)
at org.testng.internal.invokers.TestMethodWorker.run(TestMethodWorker.java:128)
at java.base/java.util.ArrayList.forEach(ArrayList.java:1511)
at org.testng.TestRunner.privateRun(TestRunner.java:808)
at org.testng.TestRunner.run(TestRunner.java:603)
at org.testng.SuiteRunner.runTest(SuiteRunner.java:429)
at org.testng.SuiteRunner.runSequentially(SuiteRunner.java:423)
at org.testng.SuiteRunner.privateRun(SuiteRunner.java:383)
at org.testng.SuiteRunner.run(SuiteRunner.java:326)
at org.testng.SuiteRunnerWorker.runSuite(SuiteRunnerWorker.java:52)
at org.testng.SuiteRunnerWorker.run(SuiteRunnerWorker.java:95)
at org.testng.TestNG.runSuitesSequentially(TestNG.java:1249)
at org.testng.TestNG.runSuitesLocally(TestNG.java:1169)
at org.testng.TestNG.runSuites(TestNG.java:1092)
at org.testng.TestNG.run(TestNG.java:1060)
at org.testng.remote.AbstractRemoteTestNG.run(AbstractRemoteTestNG.java:115)
at org.testng.remote.RemoteTestNG.initAndRun(RemoteTestNG.java:251)
at org.testng.remote.RemoteTestNG.main(RemoteTestNG.java:77)
]]>
            </full-stacktrace>
          </exception> <!-- org.openqa.selenium.NoSuchWindowException -->
          <reporter-output>
          </reporter-output>
        </test-method> <!-- verifyShowButtonAlignment -->
        <test-method is-config="true" signature="driverCloseOrQuit()[pri:0, instance:com.obsquara.SeleniumTestNG.TestcasesObsquara@5aa9e4eb]" started-at="2023-10-03T08:38:24 IST" name="driverCloseOrQuit" finished-at="2023-10-03T08:38:24 IST" duration-ms="0" status="SKIP">
          <reporter-output>
          </reporter-output>
        </test-method> <!-- driverCloseOrQuit -->
        <test-method is-config="true" signature="instilBrowser()[pri:0, instance:com.obsquara.SeleniumTestNG.TestcasesObsquara@5aa9e4eb]" started-at="2023-10-03T08:38:24 IST" name="instilBrowser" finished-at="2023-10-03T08:38:24 IST" duration-ms="0" status="SKIP">
          <reporter-output>
          </reporter-output>
        </test-method> <!-- instilBrowser -->
        <test-method signature="xpathTestcase()[pri:0, instance:com.obsquara.SeleniumTestNG.TestcasesObsquara@5aa9e4eb]" started-at="2023-10-03T08:38:24 IST" name="xpathTestcase" finished-at="2023-10-03T08:38:24 IST" duration-ms="0" status="SKIP">
          <exception class="org.openqa.selenium.NoSuchWindowException">
            <message>
              <![CDATA[no such window: target window already closed
from unknown error: web view not found
  (Session info: chrome=117.0.5938.132)
Build info: version: '4.10.0', revision: 'c14d967899'
System info: os.name: 'Windows 10', os.arch: 'amd64', os.version: '10.0', java.version: '17.0.8'
Driver info: org.openqa.selenium.chrome.ChromeDriver
Command: [9fdebe4397fb6ada84bbb784bf54b932, maximizeCurrentWindow {}]
Capabilities {acceptInsecureCerts: false, browserName: chrome, browserVersion: 117.0.5938.132, chrome: {chromedriverVersion: 116.0.5845.96 (1a3918166880..., userDataDir: C:\Users\user\AppData\Local...}, fedcm:accounts: true, goog:chromeOptions: {debuggerAddress: localhost:49321}, networkConnectionEnabled: false, pageLoadStrategy: normal, platformName: windows, proxy: Proxy(), se:cdp: ws://localhost:49321/devtoo..., se:cdpVersion: 117.0.5938.132, setWindowRect: true, strictFileInteractability: false, timeouts: {implicit: 0, pageLoad: 300000, script: 30000}, unhandledPromptBehavior: dismiss and notify, webauthn:extension:credBlob: true, webauthn:extension:largeBlob: true, webauthn:extension:minPinLength: true, webauthn:extension:prf: true, webauthn:virtualAuthenticators: true}
Session ID: 9fdebe4397fb6ada84bbb784bf54b932]]>
            </message>
            <full-stacktrace>
              <![CDATA[org.openqa.selenium.NoSuchWindowException: no such window: target window already closed
from unknown error: web view not found
  (Session info: chrome=117.0.5938.132)
Build info: version: '4.10.0', revision: 'c14d967899'
System info: os.name: 'Windows 10', os.arch: 'amd64', os.version: '10.0', java.version: '17.0.8'
Driver info: org.openqa.selenium.chrome.ChromeDriver
Command: [9fdebe4397fb6ada84bbb784bf54b932, maximizeCurrentWindow {}]
Capabilities {acceptInsecureCerts: false, browserName: chrome, browserVersion: 117.0.5938.132, chrome: {chromedriverVersion: 116.0.5845.96 (1a3918166880..., userDataDir: C:\Users\user\AppData\Local...}, fedcm:accounts: true, goog:chromeOptions: {debuggerAddress: localhost:49321}, networkConnectionEnabled: false, pageLoadStrategy: normal, platformName: windows, proxy: Proxy(), se:cdp: ws://localhost:49321/devtoo..., se:cdpVersion: 117.0.5938.132, setWindowRect: true, strictFileInteractability: false, timeouts: {implicit: 0, pageLoad: 300000, script: 30000}, unhandledPromptBehavior: dismiss and notify, webauthn:extension:credBlob: true, webauthn:extension:largeBlob: true, webauthn:extension:minPinLength: true, webauthn:extension:prf: true, webauthn:virtualAuthenticators: true}
Session ID: 9fdebe4397fb6ada84bbb784bf54b932
at java.base/jdk.internal.reflect.NativeConstructorAccessorImpl.newInstance0(Native Method)
at java.base/jdk.internal.reflect.NativeConstructorAccessorImpl.newInstance(NativeConstructorAccessorImpl.java:77)
at java.base/jdk.internal.reflect.DelegatingConstructorAccessorImpl.newInstance(DelegatingConstructorAccessorImpl.java:45)
at java.base/java.lang.reflect.Constructor.newInstanceWithCaller(Constructor.java:499)
at java.base/java.lang.reflect.Constructor.newInstance(Constructor.java:480)
at org.openqa.selenium.remote.codec.w3c.W3CHttpResponseCodec.createException(W3CHttpResponseCodec.java:199)
at org.openqa.selenium.remote.codec.w3c.W3CHttpResponseCodec.decode(W3CHttpResponseCodec.java:132)
at org.openqa.selenium.remote.codec.w3c.W3CHttpResponseCodec.decode(W3CHttpResponseCodec.java:51)
at org.openqa.selenium.remote.HttpCommandExecutor.execute(HttpCommandExecutor.java:191)
at org.openqa.selenium.remote.service.DriverCommandExecutor.invokeExecute(DriverCommandExecutor.java:196)
at org.openqa.selenium.remote.service.DriverCommandExecutor.execute(DriverCommandExecutor.java:171)
at org.openqa.selenium.remote.RemoteWebDriver.execute(RemoteWebDriver.java:531)
at org.openqa.selenium.remote.RemoteWebDriver.execute(RemoteWebDriver.java:590)
at org.openqa.selenium.remote.RemoteWebDriver.execute(RemoteWebDriver.java:594)
at org.openqa.selenium.remote.RemoteWebDriver$RemoteWebDriverOptions$RemoteWindow.maximize(RemoteWebDriver.java:955)
at com.obsquara.SeleniumTestNG.Base.instilBrowser(Base.java:25)
at jdk.internal.reflect.GeneratedMethodAccessor1.invoke(Unknown Source)
at java.base/jdk.internal.reflect.DelegatingMethodAccessorImpl.invoke(DelegatingMethodAccessorImpl.java:43)
at java.base/java.lang.reflect.Method.invoke(Method.java:568)
at org.testng.internal.invokers.MethodInvocationHelper.invokeMethod(MethodInvocationHelper.java:135)
at org.testng.internal.invokers.MethodInvocationHelper.invokeMethodConsideringTimeout(MethodInvocationHelper.java:65)
at org.testng.internal.invokers.ConfigInvoker.invokeConfigurationMethod(ConfigInvoker.java:381)
at org.testng.internal.invokers.ConfigInvoker.invokeConfigurations(ConfigInvoker.java:319)
at org.testng.internal.invokers.TestInvoker.runConfigMethods(TestInvoker.java:803)
at org.testng.internal.invokers.TestInvoker.invokeMethod(TestInvoker.java:589)
at org.testng.internal.invokers.TestInvoker.invokeTestMethod(TestInvoker.java:220)
at org.testng.internal.invokers.MethodRunner.runInSequence(MethodRunner.java:50)
at org.testng.internal.invokers.TestInvoker$MethodInvocationAgent.invoke(TestInvoker.java:945)
at org.testng.internal.invokers.TestInvoker.invokeTestMethods(TestInvoker.java:193)
at org.testng.internal.invokers.TestMethodWorker.invokeTestMethods(TestMethodWorker.java:146)
at org.testng.internal.invokers.TestMethodWorker.run(TestMethodWorker.java:128)
at java.base/java.util.ArrayList.forEach(ArrayList.java:1511)
at org.testng.TestRunner.privateRun(TestRunner.java:808)
at org.testng.TestRunner.run(TestRunner.java:603)
at org.testng.SuiteRunner.runTest(SuiteRunner.java:429)
at org.testng.SuiteRunner.runSequentially(SuiteRunner.java:423)
at org.testng.SuiteRunner.privateRun(SuiteRunner.java:383)
at org.testng.SuiteRunner.run(SuiteRunner.java:326)
at org.testng.SuiteRunnerWorker.runSuite(SuiteRunnerWorker.java:52)
at org.testng.SuiteRunnerWorker.run(SuiteRunnerWorker.java:95)
at org.testng.TestNG.runSuitesSequentially(TestNG.java:1249)
at org.testng.TestNG.runSuitesLocally(TestNG.java:1169)
at org.testng.TestNG.runSuites(TestNG.java:1092)
at org.testng.TestNG.run(TestNG.java:1060)
at org.testng.remote.AbstractRemoteTestNG.run(AbstractRemoteTestNG.java:115)
at org.testng.remote.RemoteTestNG.initAndRun(RemoteTestNG.java:251)
at org.testng.remote.RemoteTestNG.main(RemoteTestNG.java:77)
]]>
            </full-stacktrace>
          </exception> <!-- org.openqa.selenium.NoSuchWindowException -->
          <reporter-output>
          </reporter-output>
        </test-method> <!-- xpathTestcase -->
        <test-method is-config="true" signature="driverCloseOrQuit()[pri:0, instance:com.obsquara.SeleniumTestNG.TestcasesObsquara@5aa9e4eb]" started-at="2023-10-03T08:38:24 IST" name="driverCloseOrQuit" finished-at="2023-10-03T08:38:24 IST" duration-ms="0" status="SKIP">
          <reporter-output>
          </reporter-output>
        </test-method> <!-- driverCloseOrQuit -->
      </class> <!-- com.obsquara.SeleniumTestNG.TestcasesObsquara -->
    </test> <!-- Test -->
  </suite> <!-- Suite -->
</testng-results>
